<?xml version="1.0" encoding="UTF-8"?>
<testsuite name="TestSuite" time="34.034" tests="7" errors="0" skipped="0" failures="2">
  <properties>
[...]
</properties>
  <testcase name="loginTest" classname="com.inetbanking.testCases.TC_LoginTest_001" time="2.753"/>
  <testcase name="loginDDT" classname="com.inetbanking.testCases.TC_LoginDDT_002" time="16.21"/>
  <testcase name="loginDDT" classname="com.inetbanking.testCases.TC_LoginDDT_002" time="16.312"/>
  <testcase name="loginDDT" classname="com.inetbanking.testCases.TC_LoginDDT_002" time="11.03">
    <failure type="junit.framework.AssertionFailedError:">junit.framework.AssertionFailedError: null
	at junit.framework.Assert.fail(Assert.java:47)
	at junit.framework.Assert.assertTrue(Assert.java:20)
	at junit.framework.Assert.assertTrue(Assert.java:27)
	at com.inetbanking.testCases.TC_LoginDDT_002.loginDDT(TC_LoginDDT_002.java:34)
</failure>
  </testcase>
  <testcase name="loginDDT" classname="com.inetbanking.testCases.TC_LoginDDT_002" time="16.374"/>
  <testcase name="loginDDT" classname="com.inetbanking.testCases.TC_LoginDDT_002" time="10.756">
    <failure type="junit.framework.AssertionFailedError:">junit.framework.AssertionFailedError: null
	at junit.framework.Assert.fail(Assert.java:47)
	at junit.framework.Assert.assertTrue(Assert.java:20)
	at junit.framework.Assert.assertTrue(Assert.java:27)
	at com.inetbanking.testCases.TC_LoginDDT_002.loginDDT(TC_LoginDDT_002.java:34)
</failure>
  </testcase>
  <testcase name="addNewCustomer" classname="com.inetbanking.testCases.TC_AddCustomerTest_003" time="15.071"/>
</testsuite>